Build started 2018. 11. 25. 20:28:31.
     1>Project "c:\Users\Adam\documents\visual studio 2013\Projects\telefonszam\telefonszam\telefonszam.vcxproj" on node 2 (Build target(s)).
     1>ClCompile:
         D:\Programfájlok (x86)\Microsoft Visual Studio 12.0\VC\bin\CL.exe /c /ZI /nologo /W3 /WX- /sdl /Od /Oy- /D WIN32 /D _DEBUG /D _CONSOLE /D _LIB /D _UNICODE /D UNICODE /Gm /EHsc /RTC1 /MDd /GS /fp:precise /Zc:wchar_t /Zc:forScope /Fo"Debug\\" /Fd"Debug\vc120.pdb" /Gd /TC /analyze- /errorReport:prompt Source.c
         Source.c
     1>c:\users\adam\documents\visual studio 2013\projects\telefonszam\telefonszam\source.c(25): warning C4047: 'function' : 'const char *' differs in levels of indirection from 'char'
     1>c:\users\adam\documents\visual studio 2013\projects\telefonszam\telefonszam\source.c(25): warning C4024: 'atoi' : different types for formal and actual parameter 1
     1>c:\users\adam\documents\visual studio 2013\projects\telefonszam\telefonszam\source.c(30): warning C4047: 'function' : 'const char *' differs in levels of indirection from 'char'
     1>c:\users\adam\documents\visual studio 2013\projects\telefonszam\telefonszam\source.c(30): warning C4024: 'atoi' : different types for formal and actual parameter 1
     1>c:\users\adam\documents\visual studio 2013\projects\telefonszam\telefonszam\source.c(35): warning C4047: 'function' : 'const char *' differs in levels of indirection from 'char'
     1>c:\users\adam\documents\visual studio 2013\projects\telefonszam\telefonszam\source.c(35): warning C4024: 'atoi' : different types for formal and actual parameter 1
     1>c:\users\adam\documents\visual studio 2013\projects\telefonszam\telefonszam\source.c(40): warning C4047: 'function' : 'const char *' differs in levels of indirection from 'char'
     1>c:\users\adam\documents\visual studio 2013\projects\telefonszam\telefonszam\source.c(40): warning C4024: 'atoi' : different types for formal and actual parameter 1
     1>c:\users\adam\documents\visual studio 2013\projects\telefonszam\telefonszam\source.c(45): warning C4047: 'function' : 'const char *' differs in levels of indirection from 'char'
     1>c:\users\adam\documents\visual studio 2013\projects\telefonszam\telefonszam\source.c(45): warning C4024: 'atoi' : different types for formal and actual parameter 1
     1>c:\users\adam\documents\visual studio 2013\projects\telefonszam\telefonszam\source.c(55): warning C4013: 'strlen' undefined; assuming extern returning int
     1>c:\users\adam\documents\visual studio 2013\projects\telefonszam\telefonszam\source.c(13): warning C4101: 'tomb' : unreferenced local variable
       Link:
         D:\Programfájlok (x86)\Microsoft Visual Studio 12.0\VC\bin\link.exe /ERRORREPORT:PROMPT /OUT:"c:\users\adam\documents\visual studio 2013\Projects\telefonszam\Debug\telefonszam.exe" /INCREMENTAL /NOLOGO kernel32.lib user32.lib gdi32.lib winspool.lib comdlg32.lib advapi32.lib shell32.lib ole32.lib oleaut32.lib uuid.lib odbc32.lib odbccp32.lib /MANIFEST /MANIFESTUAC:"level='asInvoker' uiAccess='false'" /manifest:embed /DEBUG /PDB:"c:\users\adam\documents\visual studio 2013\Projects\telefonszam\Debug\telefonszam.pdb" /SUBSYSTEM:CONSOLE /TLBID:1 /DYNAMICBASE /NXCOMPAT /IMPLIB:"c:\users\adam\documents\visual studio 2013\Projects\telefonszam\Debug\telefonszam.lib" /MACHINE:X86 Debug\Source.obj
         telefonszam.vcxproj -> c:\users\adam\documents\visual studio 2013\Projects\telefonszam\Debug\telefonszam.exe
     1>Done Building Project "c:\Users\Adam\documents\visual studio 2013\Projects\telefonszam\telefonszam\telefonszam.vcxproj" (Build target(s)).

Build succeeded.

Time Elapsed 00:00:01.50
